#
# There is insufficient memory for the Java Runtime Environment to continue.
# Native memory allocation (mmap) failed to map 164626432 bytes. Error detail: G1 virtual space
# Possible reasons:
#   The system is out of physical RAM or swap space
#   This process is running with CompressedOops enabled, and the Java Heap may be blocking the growth of the native heap
# Possible solutions:
#   Reduce memory load on the system
#   Increase physical memory or swap space
#   Check if swap backing store is full
#   Decrease Java heap size (-Xmx/-Xms)
#   Decrease number of Java threads
#   Decrease Java thread stack sizes (-Xss)
#   Set larger code cache with -XX:ReservedCodeCacheSize=
#   JVM is running with Unscaled Compressed Oops mode in which the Java heap is
#     placed in the first 4GB address space. The Java Heap base address is the
#     maximum limit for the native heap growth. Please use -XX:HeapBaseMinAddress
#     to set the Java Heap base and to place the Java Heap above 4GB virtual address.
# This output file may be truncated or incomplete.
#
#  Out of Memory Error (os_windows.cpp:3825), pid=10684, tid=11604
#
# JRE version: OpenJDK Runtime Environment (17.0.11) (build 17.0.11+0--11852314)
# Java VM: OpenJDK 64-Bit Server VM (17.0.11+0--11852314, mixed mode, tiered, compressed oops, compressed class ptrs, g1 gc, windows-amd64)
# No core dump will be written. Minidumps are not enabled by default on client versions of Windows
#

---------------  S U M M A R Y ------------

Command Line: --add-opens=java.base/java.util=ALL-UNNAMED --add-opens=java.base/java.lang=ALL-UNNAMED --add-opens=java.base/java.lang.invoke=ALL-UNNAMED --add-opens=java.prefs/java.util.prefs=ALL-UNNAMED --add-opens=java.base/java.nio.charset=ALL-UNNAMED --add-opens=java.base/java.net=ALL-UNNAMED --add-opens=java.base/java.util.concurrent.atomic=ALL-UNNAMED -Xmx2048m -Dfile.encoding=UTF-8 -Duser.country=BR -Duser.language=pt -Duser.variant -javaagent:C:\Users\legio\.gradle\wrapper\dists\gradle-8.7-bin\bhs2wmbdwecv87pi65oeuq5iu\gradle-8.7\lib\agents\gradle-instrumentation-agent-8.7.jar org.gradle.launcher.daemon.bootstrap.GradleDaemon 8.7

Host: Intel(R) Core(TM) i7-10750H CPU @ 2.60GHz, 12 cores, 23G,  Windows 11 , 64 bit Build 22621 (10.0.22621.3958)
Time: Thu Aug 29 20:38:03 2024 Hora oficial do Brasil elapsed time: 5.311045 seconds (0d 0h 0m 5s)

---------------  T H R E A D  ---------------

Current thread (0x0000023aec3f6a00):  VMThread "VM Thread" [stack: 0x0000008eb3c00000,0x0000008eb3d00000] [id=11604]

Stack: [0x0000008eb3c00000,0x0000008eb3d00000]
Native frames: (J=compiled Java code, j=interpreted, Vv=VM code, C=native code)
V  [jvm.dll+0x687bb9]
V  [jvm.dll+0x84142a]
V  [jvm.dll+0x8430ae]
V  [jvm.dll+0x843713]
V  [jvm.dll+0x24a35f]
V  [jvm.dll+0x684989]
V  [jvm.dll+0x67923a]
V  [jvm.dll+0x30af0b]
V  [jvm.dll+0x3123b6]
V  [jvm.dll+0x361dfe]
V  [jvm.dll+0x36202f]
V  [jvm.dll+0x2e0d38]
V  [jvm.dll+0x2df144]
V  [jvm.dll+0x2de74c]
V  [jvm.dll+0x32305b]
V  [jvm.dll+0x847e0b]
V  [jvm.dll+0x848b42]
V  [jvm.dll+0x84905d]
V  [jvm.dll+0x849434]
V  [jvm.dll+0x849500]
V  [jvm.dll+0x7efa4a]
V  [jvm.dll+0x686a35]
C  [ucrtbase.dll+0x29333]
C  [KERNEL32.DLL+0x1257d]
C  [ntdll.dll+0x5af28]

VM_Operation (0x0000008eb58f8890): G1CollectForAllocation, mode: safepoint, requested by thread 0x0000023af289dc90


---------------  P R O C E S S  ---------------

Threads class SMR info:
_java_thread_list=0x0000023af374a290, length=34, elements={
0x0000023ad213c050, 0x0000023aec4af2a0, 0x0000023aec4b0440, 0x0000023aec4e61c0,
0x0000023aec4e6c90, 0x0000023aec4e7750, 0x0000023aec4f9800, 0x0000023aec4fa400,
0x0000023aec4fad10, 0x0000023aec4fd720, 0x0000023aec5f87e0, 0x0000023aec7b01b0,
0x0000023af32d7be0, 0x0000023af2fa1030, 0x0000023af3a0e010, 0x0000023af27a5a00,
0x0000023af2732af0, 0x0000023af1ec0070, 0x0000023af289dc90, 0x0000023af2789940,
0x0000023af2789e50, 0x0000023af2788f20, 0x0000023af2788a10, 0x0000023af2789430,
0x0000023af27866a0, 0x0000023af2786bb0, 0x0000023af27870c0, 0x0000023af27875d0,
0x0000023af2787ff0, 0x0000023af2787ae0, 0x0000023af42536e0, 0x0000023af38cc730,
0x0000023af38cd720, 0x0000023af4251370
}

Java Threads: ( => current thread )
  0x0000023ad213c050 JavaThread "main" [_thread_blocked, id=22640, stack(0x0000008eb3600000,0x0000008eb3700000)]
  0x0000023aec4af2a0 JavaThread "Reference Handler" daemon [_thread_blocked, id=6948, stack(0x0000008eb3d00000,0x0000008eb3e00000)]
  0x0000023aec4b0440 JavaThread "Finalizer" daemon [_thread_blocked, id=22256, stack(0x0000008eb3e00000,0x0000008eb3f00000)]
  0x0000023aec4e61c0 JavaThread "Signal Dispatcher" daemon [_thread_blocked, id=7860, stack(0x0000008eb3f00000,0x0000008eb4000000)]
  0x0000023aec4e6c90 JavaThread "Attach Listener" daemon [_thread_blocked, id=23392, stack(0x0000008eb4000000,0x0000008eb4100000)]
  0x0000023aec4e7750 JavaThread "Service Thread" daemon [_thread_blocked, id=19388, stack(0x0000008eb4100000,0x0000008eb4200000)]
  0x0000023aec4f9800 JavaThread "Monitor Deflation Thread" daemon [_thread_blocked, id=12864, stack(0x0000008eb4200000,0x0000008eb4300000)]
  0x0000023aec4fa400 JavaThread "C2 CompilerThread0" daemon [_thread_blocked, id=7008, stack(0x0000008eb4300000,0x0000008eb4400000)]
  0x0000023aec4fad10 JavaThread "C1 CompilerThread0" daemon [_thread_blocked, id=21740, stack(0x0000008eb4400000,0x0000008eb4500000)]
  0x0000023aec4fd720 JavaThread "Sweeper thread" daemon [_thread_blocked, id=18500, stack(0x0000008eb4500000,0x0000008eb4600000)]
  0x0000023aec5f87e0 JavaThread "Common-Cleaner" daemon [_thread_blocked, id=14360, stack(0x0000008eb4600000,0x0000008eb4700000)]
  0x0000023aec7b01b0 JavaThread "Notification Thread" daemon [_thread_blocked, id=9308, stack(0x0000008eb4700000,0x0000008eb4800000)]
  0x0000023af32d7be0 JavaThread "Daemon health stats" [_thread_blocked, id=17524, stack(0x0000008eb5300000,0x0000008eb5400000)]
  0x0000023af2fa1030 JavaThread "Incoming local TCP Connector on port 50130" [_thread_in_native, id=8340, stack(0x0000008eb4a00000,0x0000008eb4b00000)]
  0x0000023af3a0e010 JavaThread "Daemon periodic checks" [_thread_blocked, id=1112, stack(0x0000008eb5400000,0x0000008eb5500000)]
  0x0000023af27a5a00 JavaThread "Daemon" [_thread_blocked, id=10344, stack(0x0000008eb5500000,0x0000008eb5600000)]
  0x0000023af2732af0 JavaThread "Handler for socket connection from /127.0.0.1:50130 to /127.0.0.1:50131" [_thread_in_native, id=11736, stack(0x0000008eb5600000,0x0000008eb5700000)]
  0x0000023af1ec0070 JavaThread "Cancel handler" [_thread_blocked, id=22808, stack(0x0000008eb5700000,0x0000008eb5800000)]
  0x0000023af289dc90 JavaThread "Daemon worker" [_thread_blocked, id=13980, stack(0x0000008eb5800000,0x0000008eb5900000)]
  0x0000023af2789940 JavaThread "Asynchronous log dispatcher for DefaultDaemonConnection: socket connection from /127.0.0.1:50130 to /127.0.0.1:50131" [_thread_blocked, id=11628, stack(0x0000008eb5900000,0x0000008eb5a00000)]
  0x0000023af2789e50 JavaThread "Stdin handler" [_thread_blocked, id=22300, stack(0x0000008eb5a00000,0x0000008eb5b00000)]
  0x0000023af2788f20 JavaThread "Daemon client event forwarder" [_thread_blocked, id=10972, stack(0x0000008eb5b00000,0x0000008eb5c00000)]
  0x0000023af2788a10 JavaThread "Cache worker for journal cache (C:\Users\legio\.gradle\caches\journal-1)" [_thread_blocked, id=20928, stack(0x0000008eb5f00000,0x0000008eb6000000)]
  0x0000023af2789430 JavaThread "File lock request listener" [_thread_in_native, id=7044, stack(0x0000008eb6000000,0x0000008eb6100000)]
  0x0000023af27866a0 JavaThread "Cache worker for file hash cache (C:\Users\legio\.gradle\caches\8.7\fileHashes)" [_thread_blocked, id=12064, stack(0x0000008eb6100000,0x0000008eb6200000)]
  0x0000023af2786bb0 JavaThread "Cache worker for file hash cache (C:\Users\legio\AndroidStudioProjects\FutFacil\.gradle\8.7\fileHashes)" [_thread_blocked, id=20680, stack(0x0000008eb6200000,0x0000008eb6300000)]
  0x0000023af27870c0 JavaThread "File watcher server" daemon [_thread_in_native, id=17440, stack(0x0000008eb4900000,0x0000008eb4a00000)]
  0x0000023af27875d0 JavaThread "File watcher consumer" daemon [_thread_blocked, id=8316, stack(0x0000008eb6300000,0x0000008eb6400000)]
  0x0000023af2787ff0 JavaThread "Cache worker for checksums cache (C:\Users\legio\AndroidStudioProjects\FutFacil\.gradle\8.7\checksums)" [_thread_blocked, id=14072, stack(0x0000008eb6400000,0x0000008eb6500000)]
  0x0000023af2787ae0 JavaThread "Cache worker for cache directory md-supplier (C:\Users\legio\.gradle\caches\8.7\md-supplier)" [_thread_blocked, id=18412, stack(0x0000008eb6500000,0x0000008eb6600000)]
  0x0000023af42536e0 JavaThread "Cache worker for cache directory md-rule (C:\Users\legio\.gradle\caches\8.7\md-rule)" [_thread_blocked, id=10924, stack(0x0000008eb6600000,0x0000008eb6700000)]
  0x0000023af38cc730 JavaThread "C2 CompilerThread1" daemon [_thread_in_native, id=20776, stack(0x0000008eb6700000,0x0000008eb6800000)]
  0x0000023af38cd720 JavaThread "C2 CompilerThread2" daemon [_thread_blocked, id=16960, stack(0x0000008eb6800000,0x0000008eb6900000)]
  0x0000023af4251370 JavaThread "Cache worker for file content cache (C:\Users\legio\.gradle\caches\8.7\fileContent)" [_thread_blocked, id=21460, stack(0x0000008eb6900000,0x0000008eb6a00000)]

Other Threads:
=>0x0000023aec3f6a00 VMThread "VM Thread" [stack: 0x0000008eb3c00000,0x0000008eb3d00000] [id=11604]
  0x0000023aec750010 WatcherThread [stack: 0x0000008eb4800000,0x0000008eb4900000] [id=16516]
  0x0000023ad21976b0 GCTaskThread "GC Thread#0" [stack: 0x0000008eb3700000,0x0000008eb3800000] [id=21788]
  0x0000023af1c00c20 GCTaskThread "GC Thread#1" [stack: 0x0000008eb4b00000,0x0000008eb4c00000] [id=23412]
  0x0000023af2164660 GCTaskThread "GC Thread#2" [stack: 0x0000008eb4c00000,0x0000008eb4d00000] [id=21804]
  0x0000023af2164920 GCTaskThread "GC Thread#3" [stack: 0x0000008eb4d00000,0x0000008eb4e00000] [id=20972]
  0x0000023af23bd420 GCTaskThread "GC Thread#4" [stack: 0x0000008eb4e00000,0x0000008eb4f00000] [id=11560]
  0x0000023af23bdae0 GCTaskThread "GC Thread#5" [stack: 0x0000008eb4f00000,0x0000008eb5000000] [id=14868]
  0x0000023af239e420 GCTaskThread "GC Thread#6" [stack: 0x0000008eb5000000,0x0000008eb5100000] [id=20584]
  0x0000023af239eaf0 GCTaskThread "GC Thread#7" [stack: 0x0000008eb5100000,0x0000008eb5200000] [id=10476]
  0x0000023af1ff2560 GCTaskThread "GC Thread#8" [stack: 0x0000008eb5200000,0x0000008eb5300000] [id=8724]
  0x0000023af3238050 GCTaskThread "GC Thread#9" [stack: 0x0000008eb5c00000,0x0000008eb5d00000] [id=22832]
  0x0000023ad21a8600 ConcurrentGCThread "G1 Main Marker" [stack: 0x0000008eb3800000,0x0000008eb3900000] [id=2852]
  0x0000023ad21a9020 ConcurrentGCThread "G1 Conc#0" [stack: 0x0000008eb3900000,0x0000008eb3a00000] [id=21116]
  0x0000023af288e930 ConcurrentGCThread "G1 Conc#1" [stack: 0x0000008eb5d00000,0x0000008eb5e00000] [id=16916]
  0x0000023af319a700 ConcurrentGCThread "G1 Conc#2" [stack: 0x0000008eb5e00000,0x0000008eb5f00000] [id=14084]
  0x0000023ad21edc60 ConcurrentGCThread "G1 Refine#0" [stack: 0x0000008eb3a00000,0x0000008eb3b00000] [id=13976]
  0x0000023ad21ee690 ConcurrentGCThread "G1 Service" [stack: 0x0000008eb3b00000,0x0000008eb3c00000] [id=22348]

Threads with active compile tasks:
C2 CompilerThread0     5345 3702  s    4       java.util.jar.JarFile::getInputStream (72 bytes)
C2 CompilerThread1     5345 3664       4       jdk.internal.org.objectweb.asm.SymbolTable::addConstantMemberReference (147 bytes)
C2 CompilerThread2     5345 3540       4       jdk.internal.jimage.ImageLocation::getFullName (109 bytes)

VM state: at safepoint (normal execution)

VM Mutex/Monitor currently owned by a thread:  ([mutex/lock_event])
[0x0000023ad2138b00] Threads_lock - owner thread: 0x0000023aec3f6a00
[0x0000023ad2139640] Heap_lock - owner thread: 0x0000023af289dc90

Heap address: 0x0000000080000000, size: 2048 MB, Compressed Oops mode: 32-bit

CDS archive(s) not mapped
Compressed class space mapped at: 0x0000000100000000-0x0000000140000000, reserved size: 1073741824
Narrow klass base: 0x0000000000000000, Narrow klass shift: 3, Narrow klass range: 0x140000000

GC Precious Log:
 CPUs: 12 total, 12 available
 Memory: 24483M
 Large Page Support: Disabled
 NUMA Support: Disabled
 Compressed Oops: Enabled (32-bit)
 Heap Region Size: 1M
 Heap Min Capacity: 8M
 Heap Initial Capacity: 384M
 Heap Max Capacity: 2G
 Pre-touch: Disabled
 Parallel Workers: 10
 Concurrent Workers: 3
 Concurrent Refinement Workers: 10
 Periodic GC: Disabled

Heap:
 garbage-first heap   total 71680K, used 30597K [0x0000000080000000, 0x0000000100000000)
  region size 1024K, 2 young (2048K), 2 survivors (2048K)
 Metaspace       used 42400K, committed 42816K, reserved 1114112K
  class space    used 5646K, committed 5824K, reserved 1048576K

Heap Regions: E=young(eden), S=young(survivor), O=old, HS=humongous(starts), HC=humongous(continues), CS=collection set, F=free, OA=open archive, CA=closed archive, TAMS=top-at-mark-start (previous, next)
|   0|0x0000000080000000, 0x0000000080100000, 0x0000000080100000|100%|HS|  |TAMS 0x0000000080100000, 0x0000000080000000| Complete 
|   1|0x0000000080100000, 0x0000000080200000, 0x0000000080200000|100%|HC|  |TAMS 0x0000000080200000, 0x0000000080100000| Complete 
|   2|0x0000000080200000, 0x0000000080300000, 0x0000000080300000|100%|HC|  |TAMS 0x0000000080300000, 0x0000000080200000| Complete 
|   3|0x0000000080300000, 0x0000000080400000, 0x0000000080400000|100%|HC|  |TAMS 0x0000000080400000, 0x0000000080300000| Complete 
|   4|0x0000000080400000, 0x0000000080500000, 0x0000000080500000|100%| O|  |TAMS 0x0000000080500000, 0x0000000080400000| Untracked 
|   5|0x0000000080500000, 0x0000000080600000, 0x0000000080600000|100%| O|  |TAMS 0x0000000080600000, 0x0000000080500000| Untracked 
|   6|0x0000000080600000, 0x0000000080700000, 0x0000000080700000|100%| O|  |TAMS 0x0000000080700000, 0x0000000080600000| Untracked 
|   7|0x0000000080700000, 0x0000000080800000, 0x0000000080800000|100%| O|  |TAMS 0x0000000080800000, 0x0000000080700000| Untracked 
|   8|0x0000000080800000, 0x0000000080900000, 0x0000000080900000|100%| O|  |TAMS 0x0000000080900000, 0x0000000080800000| Untracked 
|   9|0x0000000080900000, 0x0000000080a00000, 0x0000000080a00000|100%| O|  |TAMS 0x0000000080a00000, 0x0000000080900000| Untracked 
|  10|0x0000000080a00000, 0x0000000080a76000, 0x0000000080b00000| 46%| O|  |TAMS 0x0000000080a76000, 0x0000000080a00000| Untracked 
|  11|0x0000000080b00000, 0x0000000080c00000, 0x0000000080c00000|100%| O|  |TAMS 0x0000000080c00000, 0x0000000080b00000| Untracked 
|  12|0x0000000080c00000, 0x0000000080d00000, 0x0000000080d00000|100%| O|  |TAMS 0x0000000080d00000, 0x0000000080c00000| Untracked 
|  13|0x0000000080d00000, 0x0000000080e00000, 0x0000000080e00000|100%| O|  |TAMS 0x0000000080e00000, 0x0000000080d00000| Untracked 
|  14|0x0000000080e00000, 0x0000000080f00000, 0x0000000080f00000|100%| O|  |TAMS 0x0000000080f00000, 0x0000000080e00000| Untracked 
|  15|0x0000000080f00000, 0x0000000081000000, 0x0000000081000000|100%| O|  |TAMS 0x0000000081000000, 0x0000000080f00000| Untracked 
|  16|0x0000000081000000, 0x0000000081100000, 0x0000000081100000|100%| O|  |TAMS 0x0000000081100000, 0x0000000081000000| Untracked 
|  17|0x0000000081100000, 0x0000000081200000, 0x0000000081200000|100%| O|  |TAMS 0x0000000081200000, 0x0000000081100000| Untracked 
|  18|0x0000000081200000, 0x0000000081300000, 0x0000000081300000|100%| O|  |TAMS 0x0000000081300000, 0x0000000081200000| Untracked 
|  19|0x0000000081300000, 0x0000000081400000, 0x0000000081400000|100%| O|  |TAMS 0x0000000081400000, 0x0000000081300000| Untracked 
|  20|0x0000000081400000, 0x0000000081500000, 0x0000000081500000|100%| O|  |TAMS 0x00000000814b2e00, 0x0000000081400000| Untracked 
|  21|0x0000000081500000, 0x0000000081600000, 0x0000000081600000|100%| O|  |TAMS 0x0000000081500000, 0x0000000081500000| Untracked 
|  22|0x0000000081600000, 0x0000000081700000, 0x0000000081700000|100%| O|  |TAMS 0x0000000081600000, 0x0000000081600000| Untracked 
|  23|0x0000000081700000, 0x0000000081800000, 0x0000000081800000|100%| O|  |TAMS 0x0000000081700000, 0x0000000081700000| Untracked 
|  24|0x0000000081800000, 0x0000000081900000, 0x0000000081900000|100%| O|  |TAMS 0x0000000081800000, 0x0000000081800000| Untracked 
|  25|0x0000000081900000, 0x0000000081a00000, 0x0000000081a00000|100%| O|  |TAMS 0x0000000081900000, 0x0000000081900000| Untracked 
|  26|0x0000000081a00000, 0x0000000081b00000, 0x0000000081b00000|100%| O|  |TAMS 0x0000000081a00000, 0x0000000081a00000| Untracked 
|  27|0x0000000081b00000, 0x0000000081c00000, 0x0000000081c00000|100%| O|  |TAMS 0x0000000081b00000, 0x0000000081b00000| Untracked 
|  28|0x0000000081c00000, 0x0000000081c7ee00, 0x0000000081d00000| 49%| O|  |TAMS 0x0000000081c00000, 0x0000000081c00000| Untracked 
|  29|0x0000000081d00000, 0x0000000081d00000, 0x0000000081e00000|  0%| F|  |TAMS 0x0000000081d00000, 0x0000000081d00000| Untracked 
|  30|0x0000000081e00000, 0x0000000081e00000, 0x0000000081f00000|  0%| F|  |TAMS 0x0000000081e00000, 0x0000000081e00000| Untracked 
|  31|0x0000000081f00000, 0x0000000081f00000, 0x0000000082000000|  0%| F|  |TAMS 0x0000000081f00000, 0x0000000081f00000| Untracked 
|  32|0x0000000082000000, 0x0000000082000000, 0x0000000082100000|  0%| F|  |TAMS 0x0000000082000000, 0x0000000082000000| Untracked 
|  33|0x0000000082100000, 0x0000000082100000, 0x0000000082200000|  0%| F|  |TAMS 0x0000000082100000, 0x0000000082100000| Untracked 
|  34|0x0000000082200000, 0x0000000082200000, 0x0000000082300000|  0%| F|  |TAMS 0x0000000082200000, 0x0000000082200000| Untracked 
|  35|0x0000000082300000, 0x0000000082300000, 0x0000000082400000|  0%| F|  |TAMS 0x0000000082300000, 0x0000000082300000| Untracked 
|  36|0x0000000082400000, 0x0000000082400000, 0x0000000082500000|  0%| F|  |TAMS 0x0000000082400000, 0x0000000082400000| Untracked 
|  37|0x0000000082500000, 0x0000000082500000, 0x0000000082600000|  0%| F|  |TAMS 0x0000000082500000, 0x0000000082500000| Untracked 
|  38|0x0000000082600000, 0x0000000082600000, 0x0000000082700000|  0%| F|  |TAMS 0x0000000082600000, 0x0000000082600000| Untracked 
|  39|0x0000000082700000, 0x0000000082700000, 0x0000000082800000|  0%| F|  |TAMS 0x0000000082700000, 0x0000000082700000| Untracked 
|  40|0x0000000082800000, 0x0000000082800000, 0x0000000082900000|  0%| F|  |TAMS 0x0000000082800000, 0x0000000082800000| Untracked 
|  41|0x0000000082900000, 0x0000000082900000, 0x0000000082a00000|  0%| F|  |TAMS 0x0000000082900000, 0x0000000082900000| Untracked 
|  42|0x0000000082a00000, 0x0000000082aec9f0, 0x0000000082b00000| 92%| S|CS|TAMS 0x0000000082a00000, 0x0000000082a00000| Complete 
|  43|0x0000000082b00000, 0x0000000082c00000, 0x0000000082c00000|100%| S|CS|TAMS 0x0000000082b00000, 0x0000000082b00000| Complete 
|  44|0x0000000082c00000, 0x0000000082c00000, 0x0000000082d00000|  0%| F|  |TAMS 0x0000000082c00000, 0x0000000082c00000| Untracked 
|  45|0x0000000082d00000, 0x0000000082d00000, 0x0000000082e00000|  0%| F|  |TAMS 0x0000000082d00000, 0x0000000082d00000| Untracked 
|  46|0x0000000082e00000, 0x0000000082e00000, 0x0000000082f00000|  0%| F|  |TAMS 0x0000000082e00000, 0x0000000082e00000| Untracked 
|  47|0x0000000082f00000, 0x0000000082f00000, 0x0000000083000000|  0%| F|  |TAMS 0x0000000082f00000, 0x0000000082f00000| Untracked 
|  48|0x0000000083000000, 0x0000000083000000, 0x0000000083100000|  0%| F|  |TAMS 0x0000000083000000, 0x0000000083000000| Untracked 
|  49|0x0000000083100000, 0x0000000083100000, 0x0000000083200000|  0%| F|  |TAMS 0x0000000083100000, 0x0000000083100000| Untracked 
|  50|0x0000000083200000, 0x0000000083200000, 0x0000000083300000|  0%| F|  |TAMS 0x0000000083200000, 0x0000000083200000| Untracked 
|  51|0x0000000083300000, 0x0000000083300000, 0x0000000083400000|  0%| F|  |TAMS 0x0000000083300000, 0x0000000083300000| Untracked 
|  52|0x0000000083400000, 0x0000000083400000, 0x0000000083500000|  0%| F|  |TAMS 0x0000000083400000, 0x0000000083400000| Untracked 
|  53|0x0000000083500000, 0x0000000083500000, 0x0000000083600000|  0%| F|  |TAMS 0x0000000083500000, 0x0000000083500000| Untracked 
|  54|0x0000000083600000, 0x0000000083600000, 0x0000000083700000|  0%| F|  |TAMS 0x0000000083600000, 0x0000000083600000| Untracked 
|  55|0x0000000083700000, 0x0000000083700000, 0x0000000083800000|  0%| F|  |TAMS 0x0000000083700000, 0x0000000083700000| Untracked 
|  56|0x0000000083800000, 0x0000000083800000, 0x0000000083900000|  0%| F|  |TAMS 0x0000000083800000, 0x0000000083800000| Untracked 
|  57|0x0000000083900000, 0x0000000083900000, 0x0000000083a00000|  0%| F|  |TAMS 0x0000000083900000, 0x0000000083900000| Untracked 
|  58|0x0000000083a00000, 0x0000000083a00000, 0x0000000083b00000|  0%| F|  |TAMS 0x0000000083a00000, 0x0000000083a00000| Untracked 
|  59|0x0000000083b00000, 0x0000000083b00000, 0x0000000083c00000|  0%| F|  |TAMS 0x0000000083b00000, 0x0000000083b00000| Untracked 
| 325|0x0000000094500000, 0x0000000094500000, 0x0000000094600000|  0%| F|  |TAMS 0x0000000094500000, 0x0000000094500000| Untracked 
| 326|0x0000000094600000, 0x0000000094600000, 0x0000000094700000|  0%| F|  |TAMS 0x0000000094600000, 0x0000000094600000| Untracked 
| 327|0x0000000094700000, 0x0000000094700000, 0x0000000094800000|  0%| F|  |TAMS 0x0000000094700000, 0x0000000094700000| Untracked 
| 328|0x0000000094800000, 0x0000000094800000, 0x0000000094900000|  0%| F|  |TAMS 0x0000000094800000, 0x0000000094800000| Untracked 
| 329|0x0000000094900000, 0x0000000094900000, 0x0000000094a00000|  0%| F|  |TAMS 0x0000000094900000, 0x0000000094900000| Untracked 
| 330|0x0000000094a00000, 0x0000000094a00000, 0x0000000094b00000|  0%| F|  |TAMS 0x0000000094a00000, 0x0000000094a00000| Untracked 
| 331|0x0000000094b00000, 0x0000000094b00000, 0x0000000094c00000|  0%| F|  |TAMS 0x0000000094b00000, 0x0000000094b00000| Untracked 
| 332|0x0000000094c00000, 0x0000000094c00000, 0x0000000094d00000|  0%| F|  |TAMS 0x0000000094c00000, 0x0000000094c00000| Untracked 
| 333|0x0000000094d00000, 0x0000000094d00000, 0x0000000094e00000|  0%| F|  |TAMS 0x0000000094d00000, 0x0000000094d00000| Untracked 
| 383|0x0000000097f00000, 0x0000000097f00000, 0x0000000098000000|  0%| F|  |TAMS 0x0000000097f00000, 0x0000000097f00000| Untracked 

Card table byte_map: [0x0000023ae4f60000,0x0000023ae5360000] _byte_map_base: 0x0000023ae4b60000

Marking Bits (Prev, Next): (CMBitMap*) 0x0000023ad2197cd0, (CMBitMap*) 0x0000023ad2197d10
 Prev Bits: [0x0000023ae5760000, 0x0000023ae7760000)
 Next Bits: [0x0000023ae7760000, 0x0000023ae9760000)

Polling page: 0x0000023ad18f0000

Metaspace:

Usage:
  Non-class:     35.89 MB used.
      Class:      5.51 MB used.
       Both:     41.41 MB used.

Virtual space:
  Non-class space:       64.00 MB reserved,      36.12 MB ( 56%) committed,  1 nodes.
      Class space:        1.00 GB reserved,       5.69 MB ( <1%) committed,  1 nodes.
             Both:        1.06 GB reserved,      41.81 MB (  4%) committed. 

Chunk freelists:
   Non-Class:  11.42 MB
       Class:  10.22 MB
        Both:  21.64 MB

MaxMetaspaceSize: unlimited
CompressedClassSpaceSize: 1.00 GB
Initial GC threshold: 21.00 MB
Current GC threshold: 59.06 MB
CDS: off
MetaspaceReclaimPolicy: balanced
 - commit_granule_bytes: 65536.
 - commit_granule_words: 8192.
 - virtual_space_node_default_size: 8388608.
 - enlarge_chunks_in_place: 1.
 - new_chunks_are_fully_committed: 0.
 - uncommit_free_chunks: 1.
 - use_allocation_guard: 0.
 - handle_deallocations: 1.


Internal statistics:

num_allocs_failed_limit: 6.
num_arena_births: 422.
num_arena_deaths: 0.
num_vsnodes_births: 2.
num_vsnodes_deaths: 0.
num_space_committed: 669.
num_space_uncommitted: 0.
num_chunks_returned_to_freelist: 6.
num_chunks_taken_from_freelist: 1633.
num_chunk_merges: 6.
num_chunk_splits: 1091.
num_chunks_enlarged: 760.
num_inconsistent_stats: 0.

CodeHeap 'non-profiled nmethods': size=120000Kb used=2062Kb max_used=2062Kb free=117937Kb
 bounds [0x0000023add0e0000, 0x0000023add350000, 0x0000023ae4610000]
CodeHeap 'profiled nmethods': size=120000Kb used=7556Kb max_used=7556Kb free=112443Kb
 bounds [0x0000023ad5610000, 0x0000023ad5d80000, 0x0000023adcb40000]
CodeHeap 'non-nmethods': size=5760Kb used=1638Kb max_used=1663Kb free=4121Kb
 bounds [0x0000023adcb40000, 0x0000023adcdb0000, 0x0000023add0e0000]
 total_blobs=4369 nmethods=3709 adapters=570
 compilation: enabled
              stopped_count=0, restarted_count=0
 full_count=0

Compilation events (20 events):
Event: 5.256 Thread 0x0000023aec4fad10 3712       3       java.io.WinNTFileSystem::resolve (275 bytes)
Event: 5.259 Thread 0x0000023aec4fad10 nmethod 3712 0x0000023ad5d67f10 code [0x0000023ad5d68440, 0x0000023ad5d6b0f8]
Event: 5.261 Thread 0x0000023aec4fad10 3713       3       java.io.File::getName (42 bytes)
Event: 5.262 Thread 0x0000023aec4fad10 nmethod 3713 0x0000023ad5d6c310 code [0x0000023ad5d6c560, 0x0000023ad5d6cd98]
Event: 5.264 Thread 0x0000023aec4fad10 3714       3       java.util.regex.CharPredicates$$Lambda$18/0x000000010008e318::is (5 bytes)
Event: 5.264 Thread 0x0000023aec4fad10 nmethod 3714 0x0000023ad5d6d110 code [0x0000023ad5d6d2c0, 0x0000023ad5d6d598]
Event: 5.264 Thread 0x0000023aec4fad10 3715       3       java.util.regex.CharPredicates::lambda$ASCII_DIGIT$18 (20 bytes)
Event: 5.264 Thread 0x0000023aec4fad10 nmethod 3715 0x0000023ad5d6d690 code [0x0000023ad5d6d840, 0x0000023ad5d6da98]
Event: 5.264 Thread 0x0000023aec4fad10 3716       3       org.gradle.internal.classpath.DefaultClassPath::plus (57 bytes)
Event: 5.265 Thread 0x0000023aec4fad10 nmethod 3716 0x0000023ad5d6db90 code [0x0000023ad5d6de80, 0x0000023ad5d6f158]
Event: 5.265 Thread 0x0000023aec4fad10 3717       3       org.gradle.internal.classpath.DefaultClassPath$ImmutableUniqueList::<init> (16 bytes)
Event: 5.265 Thread 0x0000023aec4fad10 nmethod 3717 0x0000023ad5d6f690 code [0x0000023ad5d6f860, 0x0000023ad5d6fd28]
Event: 5.276 Thread 0x0000023aec4fad10 3719       3       jdk.internal.loader.URLClassPath$JarLoader::findResource (18 bytes)
Event: 5.277 Thread 0x0000023aec4fad10 nmethod 3719 0x0000023ad5d6ff10 code [0x0000023ad5d700c0, 0x0000023ad5d70318]
Event: 5.277 Thread 0x0000023aec4fad10 3720       3       java.io.WinNTFileSystem::isSlash (18 bytes)
Event: 5.277 Thread 0x0000023aec4fad10 nmethod 3720 0x0000023ad5d70410 code [0x0000023ad5d705a0, 0x0000023ad5d70738]
Event: 5.284 Thread 0x0000023aec4fad10 3722       2       java.util.AbstractList$Itr::hasNext (20 bytes)
Event: 5.284 Thread 0x0000023aec4fad10 nmethod 3722 0x0000023ad5d70810 code [0x0000023ad5d709a0, 0x0000023ad5d70ae8]
Event: 5.284 Thread 0x0000023aec4fad10 3723   !   2       java.util.AbstractList$Itr::next (46 bytes)
Event: 5.285 Thread 0x0000023aec4fad10 nmethod 3723 0x0000023ad5d70b90 code [0x0000023ad5d70d80, 0x0000023ad5d71138]

GC Heap History (17 events):
Event: 0.534 GC heap before
{Heap before GC invocations=0 (full 0):
 garbage-first heap   total 393216K, used 26624K [0x0000000080000000, 0x0000000100000000)
  region size 1024K, 23 young (23552K), 0 survivors (0K)
 Metaspace       used 10442K, committed 10560K, reserved 1114112K
  class space    used 1081K, committed 1152K, reserved 1048576K
}
Event: 0.538 GC heap after
{Heap after GC invocations=1 (full 0):
 garbage-first heap   total 393216K, used 10702K [0x0000000080000000, 0x0000000100000000)
  region size 1024K, 3 young (3072K), 3 survivors (3072K)
 Metaspace       used 10442K, committed 10560K, reserved 1114112K
  class space    used 1081K, committed 1152K, reserved 1048576K
}
Event: 0.903 GC heap before
{Heap before GC invocations=1 (full 0):
 garbage-first heap   total 393216K, used 39374K [0x0000000080000000, 0x0000000100000000)
  region size 1024K, 31 young (31744K), 3 survivors (3072K)
 Metaspace       used 11460K, committed 11648K, reserved 1114112K
  class space    used 1198K, committed 1280K, reserved 1048576K
}
Event: 0.905 GC heap after
{Heap after GC invocations=2 (full 0):
 garbage-first heap   total 393216K, used 11569K [0x0000000080000000, 0x0000000100000000)
  region size 1024K, 1 young (1024K), 1 survivors (1024K)
 Metaspace       used 11460K, committed 11648K, reserved 1114112K
  class space    used 1198K, committed 1280K, reserved 1048576K
}
Event: 1.614 GC heap before
{Heap before GC invocations=2 (full 0):
 garbage-first heap   total 393216K, used 61745K [0x0000000080000000, 0x0000000100000000)
  region size 1024K, 50 young (51200K), 1 survivors (1024K)
 Metaspace       used 21307K, committed 21504K, reserved 1114112K
  class space    used 2501K, committed 2624K, reserved 1048576K
}
Event: 1.618 GC heap after
{Heap after GC invocations=3 (full 0):
 garbage-first heap   total 393216K, used 19523K [0x0000000080000000, 0x0000000100000000)
  region size 1024K, 9 young (9216K), 9 survivors (9216K)
 Metaspace       used 21307K, committed 21504K, reserved 1114112K
  class space    used 2501K, committed 2624K, reserved 1048576K
}
Event: 1.967 GC heap before
{Heap before GC invocations=4 (full 0):
 garbage-first heap   total 71680K, used 53315K [0x0000000080000000, 0x0000000100000000)
  region size 1024K, 42 young (43008K), 9 survivors (9216K)
 Metaspace       used 26248K, committed 26560K, reserved 1114112K
  class space    used 3341K, committed 3456K, reserved 1048576K
}
Event: 1.972 GC heap after
{Heap after GC invocations=5 (full 0):
 garbage-first heap   total 71680K, used 21071K [0x0000000080000000, 0x0000000100000000)
  region size 1024K, 2 young (2048K), 2 survivors (2048K)
 Metaspace       used 26248K, committed 26560K, reserved 1114112K
  class space    used 3341K, committed 3456K, reserved 1048576K
}
Event: 2.296 GC heap before
{Heap before GC invocations=5 (full 0):
 garbage-first heap   total 71680K, used 49743K [0x0000000080000000, 0x0000000100000000)
  region size 1024K, 31 young (31744K), 2 survivors (2048K)
 Metaspace       used 30220K, committed 30592K, reserved 1114112K
  class space    used 3999K, committed 4160K, reserved 1048576K
}
Event: 2.298 GC heap after
{Heap after GC invocations=6 (full 0):
 garbage-first heap   total 71680K, used 22617K [0x0000000080000000, 0x0000000100000000)
  region size 1024K, 4 young (4096K), 4 survivors (4096K)
 Metaspace       used 30220K, committed 30592K, reserved 1114112K
  class space    used 3999K, committed 4160K, reserved 1048576K
}
Event: 4.456 GC heap before
{Heap before GC invocations=6 (full 0):
 garbage-first heap   total 71680K, used 51289K [0x0000000080000000, 0x0000000100000000)
  region size 1024K, 32 young (32768K), 4 survivors (4096K)
 Metaspace       used 33828K, committed 34176K, reserved 1114112K
  class space    used 4596K, committed 4736K, reserved 1048576K
}
Event: 4.462 GC heap after
{Heap after GC invocations=7 (full 0):
 garbage-first heap   total 71680K, used 23998K [0x0000000080000000, 0x0000000100000000)
  region size 1024K, 4 young (4096K), 4 survivors (4096K)
 Metaspace       used 33828K, committed 34176K, reserved 1114112K
  class space    used 4596K, committed 4736K, reserved 1048576K
}
Event: 4.642 GC heap before
{Heap before GC invocations=7 (full 0):
 garbage-first heap   total 71680K, used 36286K [0x0000000080000000, 0x0000000100000000)
  region size 1024K, 17 young (17408K), 4 survivors (4096K)
 Metaspace       used 35769K, committed 36096K, reserved 1114112K
  class space    used 4878K, committed 5056K, reserved 1048576K
}
Event: 4.647 GC heap after
{Heap after GC invocations=8 (full 0):
 garbage-first heap   total 71680K, used 24529K [0x0000000080000000, 0x0000000100000000)
  region size 1024K, 2 young (2048K), 2 survivors (2048K)
 Metaspace       used 35769K, committed 36096K, reserved 1114112K
  class space    used 4878K, committed 5056K, reserved 1048576K
}
Event: 5.098 GC heap before
{Heap before GC invocations=9 (full 0):
 garbage-first heap   total 71680K, used 54225K [0x0000000080000000, 0x0000000100000000)
  region size 1024K, 32 young (32768K), 2 survivors (2048K)
 Metaspace       used 41305K, committed 41664K, reserved 1114112K
  class space    used 5470K, committed 5632K, reserved 1048576K
}
Event: 5.104 GC heap after
{Heap after GC invocations=10 (full 0):
 garbage-first heap   total 71680K, used 28592K [0x0000000080000000, 0x0000000100000000)
  region size 1024K, 4 young (4096K), 4 survivors (4096K)
 Metaspace       used 41305K, committed 41664K, reserved 1114112K
  class space    used 5470K, committed 5632K, reserved 1048576K
}
Event: 5.293 GC heap before
{Heap before GC invocations=10 (full 0):
 garbage-first heap   total 71680K, used 55216K [0x0000000080000000, 0x0000000100000000)
  region size 1024K, 30 young (30720K), 4 survivors (4096K)
 Metaspace       used 42400K, committed 42816K, reserved 1114112K
  class space    used 5646K, committed 5824K, reserved 1048576K
}

Dll operation events (3 events):
Event: 0.008 Loaded shared library C:\Program Files\Android\Android Studio\jbr\bin\java.dll
Event: 0.119 Loaded shared library C:\Program Files\Android\Android Studio\jbr\bin\zip.dll
Event: 0.367 Loaded shared library C:\Program Files\Android\Android Studio\jbr\bin\verify.dll

Deoptimization events (20 events):
Event: 5.210 Thread 0x0000023af32d7be0 DEOPT PACKING pc=0x0000023add2d5454 sp=0x0000008eb53fed10
Event: 5.210 Thread 0x0000023af32d7be0 DEOPT UNPACKING pc=0x0000023adcb969a3 sp=0x0000008eb53feca0 mode 2
Event: 5.210 Thread 0x0000023af32d7be0 Uncommon trap: trap_request=0xffffffc6 fr.pc=0x0000023add2d5454 relative=0x00000000000000b4
Event: 5.210 Thread 0x0000023af32d7be0 Uncommon trap: reason=bimorphic_or_optimized_type_check action=maybe_recompile pc=0x0000023add2d5454 method=java.util.stream.Sink$ChainedReference.cancellationRequested()Z @ 4 c2
Event: 5.210 Thread 0x0000023af32d7be0 DEOPT PACKING pc=0x0000023add2d5454 sp=0x0000008eb53fed10
Event: 5.210 Thread 0x0000023af32d7be0 DEOPT UNPACKING pc=0x0000023adcb969a3 sp=0x0000008eb53feca0 mode 2
Event: 5.210 Thread 0x0000023af32d7be0 Uncommon trap: trap_request=0xffffffc6 fr.pc=0x0000023add2d5454 relative=0x00000000000000b4
Event: 5.210 Thread 0x0000023af32d7be0 Uncommon trap: reason=bimorphic_or_optimized_type_check action=maybe_recompile pc=0x0000023add2d5454 method=java.util.stream.Sink$ChainedReference.cancellationRequested()Z @ 4 c2
Event: 5.210 Thread 0x0000023af32d7be0 DEOPT PACKING pc=0x0000023add2d5454 sp=0x0000008eb53fed10
Event: 5.210 Thread 0x0000023af32d7be0 DEOPT UNPACKING pc=0x0000023adcb969a3 sp=0x0000008eb53feca0 mode 2
Event: 5.210 Thread 0x0000023af32d7be0 Uncommon trap: trap_request=0xffffffc6 fr.pc=0x0000023add2d5454 relative=0x00000000000000b4
Event: 5.210 Thread 0x0000023af32d7be0 Uncommon trap: reason=bimorphic_or_optimized_type_check action=maybe_recompile pc=0x0000023add2d5454 method=java.util.stream.Sink$ChainedReference.cancellationRequested()Z @ 4 c2
Event: 5.210 Thread 0x0000023af32d7be0 DEOPT PACKING pc=0x0000023add2d5454 sp=0x0000008eb53fed10
Event: 5.210 Thread 0x0000023af32d7be0 DEOPT UNPACKING pc=0x0000023adcb969a3 sp=0x0000008eb53feca0 mode 2
Event: 5.276 Thread 0x0000023af289dc90 DEOPT PACKING pc=0x0000023ad56dd1c3 sp=0x0000008eb58f8c90
Event: 5.276 Thread 0x0000023af289dc90 DEOPT UNPACKING pc=0x0000023adcb97143 sp=0x0000008eb58f81b0 mode 0
Event: 5.276 Thread 0x0000023af289dc90 Uncommon trap: trap_request=0xffffff45 fr.pc=0x0000023add1104e4 relative=0x0000000000000064
Event: 5.276 Thread 0x0000023af289dc90 Uncommon trap: reason=unstable_if action=reinterpret pc=0x0000023add1104e4 method=java.io.WinNTFileSystem.isSlash(C)Z @ 9 c2
Event: 5.276 Thread 0x0000023af289dc90 DEOPT PACKING pc=0x0000023add1104e4 sp=0x0000008eb58f8cb0
Event: 5.276 Thread 0x0000023af289dc90 DEOPT UNPACKING pc=0x0000023adcb969a3 sp=0x0000008eb58f8c38 mode 2

Classes unloaded (0 events):
No events

Classes redefined (0 events):
No events

Internal exceptions (20 events):
Event: 5.156 Thread 0x0000023af289dc90 Exception <a 'sun/nio/fs/WindowsException'{0x00000000945aa888}> (0x00000000945aa888) 
thrown [s\src\hotspot\share\prims\jni.cpp, line 531]
Event: 5.157 Thread 0x0000023af289dc90 Exception <a 'sun/nio/fs/WindowsException'{0x00000000945abe10}> (0x00000000945abe10) 
thrown [s\src\hotspot\share\prims\jni.cpp, line 531]
Event: 5.157 Thread 0x0000023af289dc90 Exception <a 'sun/nio/fs/WindowsException'{0x00000000945ad3a8}> (0x00000000945ad3a8) 
thrown [s\src\hotspot\share\prims\jni.cpp, line 531]
Event: 5.167 Thread 0x0000023af289dc90 Exception <a 'java/lang/NoSuchMethodError'{0x0000000083b83728}: 'java.lang.Object java.lang.invoke.Invokers$Holder.invoker(java.lang.Object, java.lang.Object, java.lang.Object, java.lang.Object, java.lang.Object, java.lang.Object)'> (0x0000000083b83728) 
thrown [s\src\hotspot\share\interpreter\linkResolver.cpp, line 771]
Event: 5.173 Thread 0x0000023af289dc90 Exception <a 'java/lang/NoSuchMethodError'{0x0000000083a067a0}: 'java.lang.Object java.lang.invoke.Invokers$Holder.invoker(java.lang.Object, java.lang.Object, java.lang.Object, java.lang.Object)'> (0x0000000083a067a0) 
thrown [s\src\hotspot\share\interpreter\linkResolver.cpp, line 771]
Event: 5.180 Thread 0x0000023af289dc90 Exception <a 'java/lang/NoSuchMethodError'{0x0000000083a76da0}: 'java.lang.Object java.lang.invoke.Invokers$Holder.invoker(java.lang.Object, java.lang.Object, java.lang.Object, java.lang.Object, java.lang.Object)'> (0x0000000083a76da0) 
thrown [s\src\hotspot\share\interpreter\linkResolver.cpp, line 771]
Event: 5.183 Thread 0x0000023af289dc90 Exception <a 'java/lang/NoSuchMethodError'{0x0000000083a94168}: 'java.lang.Object java.lang.invoke.DirectMethodHandle$Holder.invokeSpecial(java.lang.Object, java.lang.Object, java.lang.Object, java.lang.Object, java.lang.Object, java.lang.Object, java.lang.Object, java.lang.Object, java.lang.Object, java.lang.Object, java.lang.Object, java.lang.Object, java.lang.Object, java.lang.Object, java.lang.Object, java.lang.Object, java.lang.Object, java.lang.Object, java.lang.Object, java.lang.Object, java.lang.Ob
Event: 5.184 Thread 0x0000023af289dc90 Exception <a 'java/lang/NoSuchMethodError'{0x0000000083a99fd0}: 'java.lang.Object java.lang.invoke.DelegatingMethodHandle$Holder.reinvoke_L(java.lang.Object, java.lang.Object, java.lang.Object, java.lang.Object, java.lang.Object, java.lang.Object, java.lang.Object, java.lang.Object, java.lang.Object, java.lang.Object, java.lang.Object, java.lang.Object, java.lang.Object, java.lang.Object, java.lang.Object, java.lang.Object, java.lang.Object, java.lang.Object, java.lang.Object, java.lang.Object, java.lang.O
Event: 5.184 Thread 0x0000023af289dc90 Exception <a 'java/lang/NoSuchMethodError'{0x0000000083aa5f00}: 'java.lang.Object java.lang.invoke.Invokers$Holder.invoker(java.lang.Object, java.lang.Object, java.lang.Object, java.lang.Object, java.lang.Object, java.lang.Object, java.lang.Object, java.lang.Object, java.lang.Object, java.lang.Object, java.lang.Object, java.lang.Object, java.lang.Object, java.lang.Object, java.lang.Object, java.lang.Object, java.lang.Object, java.lang.Object, java.lang.Object, java.lang.Object, java.lang.Object, java.lang.
Event: 5.185 Thread 0x0000023af289dc90 Exception <a 'java/lang/NoSuchMethodError'{0x0000000083aaccd8}: 'java.lang.Object java.lang.invoke.DelegatingMethodHandle$Holder.delegate(java.lang.Object, java.lang.Object, java.lang.Object, java.lang.Object, java.lang.Object, java.lang.Object, java.lang.Object, java.lang.Object, java.lang.Object, java.lang.Object, java.lang.Object, java.lang.Object, java.lang.Object, java.lang.Object, java.lang.Object, java.lang.Object, java.lang.Object, java.lang.Object, java.lang.Object, java.lang.Object, java.lang.Obj
Event: 5.194 Thread 0x0000023af289dc90 Exception <a 'java/lang/NoSuchMethodError'{0x000000008392fc78}: 'java.lang.Object java.lang.invoke.DirectMethodHandle$Holder.invokeStatic(java.lang.Object, java.lang.Object, java.lang.Object, java.lang.Object, java.lang.Object, java.lang.Object, java.lang.Object, java.lang.Object, java.lang.Object, java.lang.Object, java.lang.Object, java.lang.Object, java.lang.Object, java.lang.Object, java.lang.Object, java.lang.Object, java.lang.Object)'> (0x000000008392fc78) 
thrown [s\src\hotspot\share\interpreter\lin
Event: 5.201 Thread 0x0000023af289dc90 Exception <a 'java/lang/NoSuchMethodError'{0x0000000083958f18}: 'java.lang.Object java.lang.invoke.DirectMethodHandle$Holder.invokeStatic(java.lang.Object, java.lang.Object, java.lang.Object, java.lang.Object, java.lang.Object, java.lang.Object, java.lang.Object, java.lang.Object, java.lang.Object, java.lang.Object, java.lang.Object, java.lang.Object, java.lang.Object, java.lang.Object, java.lang.Object, java.lang.Object, java.lang.Object, java.lang.Object)'> (0x0000000083958f18) 
thrown [s\src\hotspot\sha
Event: 5.203 Thread 0x0000023af289dc90 Exception <a 'java/lang/NoSuchMethodError'{0x00000000839836d8}: 'java.lang.Object java.lang.invoke.DirectMethodHandle$Holder.invokeStatic(java.lang.Object, java.lang.Object, java.lang.Object, java.lang.Object, java.lang.Object, java.lang.Object, java.lang.Object, java.lang.Object, java.lang.Object, java.lang.Object, java.lang.Object, java.lang.Object, java.lang.Object, java.lang.Object, java.lang.Object, java.lang.Object, java.lang.Object, java.lang.Object, java.lang.Object)'> (0x00000000839836d8) 
thrown 
Event: 5.205 Thread 0x0000023af289dc90 Exception <a 'java/lang/NoSuchMethodError'{0x00000000839af098}: 'java.lang.Object java.lang.invoke.DirectMethodHandle$Holder.invokeStatic(java.lang.Object, java.lang.Object, java.lang.Object, java.lang.Object, java.lang.Object, java.lang.Object, java.lang.Object, java.lang.Object, java.lang.Object, java.lang.Object, java.lang.Object, java.lang.Object, java.lang.Object, java.lang.Object, java.lang.Object, java.lang.Object, java.lang.Object, java.lang.Object, java.lang.Object, java.lang.Object)'> (0x00000000
Event: 5.208 Thread 0x0000023af289dc90 Exception <a 'java/lang/NoSuchMethodError'{0x00000000839db448}: 'java.lang.Object java.lang.invoke.DirectMethodHandle$Holder.invokeStatic(java.lang.Object, java.lang.Object, java.lang.Object, java.lang.Object, java.lang.Object, java.lang.Object, java.lang.Object, java.lang.Object, java.lang.Object, java.lang.Object, java.lang.Object, java.lang.Object, java.lang.Object, java.lang.Object, java.lang.Object, java.lang.Object, java.lang.Object, java.lang.Object, java.lang.Object, java.lang.Object, java.lang.Obj
Event: 5.209 Thread 0x0000023af289dc90 Exception <a 'java/lang/NoSuchMethodError'{0x0000000083808ff8}: 'java.lang.Object java.lang.invoke.DirectMethodHandle$Holder.invokeStatic(java.lang.Object, java.lang.Object, java.lang.Object, java.lang.Object, java.lang.Object, java.lang.Object, java.lang.Object, java.lang.Object, java.lang.Object, java.lang.Object, java.lang.Object, java.lang.Object, java.lang.Object, java.lang.Object, java.lang.Object, java.lang.Object, java.lang.Object, java.lang.Object, java.lang.Object, java.lang.Object, java.lang.Obj
Event: 5.211 Thread 0x0000023af289dc90 Exception <a 'java/lang/NoSuchMethodError'{0x00000000838375b0}: 'java.lang.Object java.lang.invoke.DirectMethodHandle$Holder.invokeStatic(java.lang.Object, java.lang.Object, java.lang.Object, java.lang.Object, java.lang.Object, java.lang.Object, java.lang.Object, java.lang.Object, java.lang.Object, java.lang.Object, java.lang.Object, java.lang.Object, java.lang.Object, java.lang.Object, java.lang.Object, java.lang.Object, java.lang.Object, java.lang.Object, java.lang.Object, java.lang.Object, java.lang.Obj
Event: 5.212 Thread 0x0000023af289dc90 Exception <a 'java/lang/NoSuchMethodError'{0x0000000083866618}: 'java.lang.Object java.lang.invoke.DirectMethodHandle$Holder.invokeStatic(java.lang.Object, java.lang.Object, java.lang.Object, java.lang.Object, java.lang.Object, java.lang.Object, java.lang.Object, java.lang.Object, java.lang.Object, java.lang.Object, java.lang.Object, java.lang.Object, java.lang.Object, java.lang.Object, java.lang.Object, java.lang.Object, java.lang.Object, java.lang.Object, java.lang.Object, java.lang.Object, java.lang.Obj
Event: 5.214 Thread 0x0000023af289dc90 Exception <a 'java/lang/NoSuchMethodError'{0x00000000838a10a8}: 'java.lang.Object java.lang.invoke.DirectMethodHandle$Holder.invokeStatic(java.lang.Object, java.lang.Object, java.lang.Object, java.lang.Object, java.lang.Object, java.lang.Object, java.lang.Object, java.lang.Object, java.lang.Object, java.lang.Object, java.lang.Object, java.lang.Object, java.lang.Object, java.lang.Object, java.lang.Object, java.lang.Object, java.lang.Object, java.lang.Object, java.lang.Object, java.lang.Object, java.lang.Obj
Event: 5.216 Thread 0x0000023af289dc90 Exception <a 'java/lang/NoSuchMethodError'{0x00000000838d3538}: 'java.lang.Object java.lang.invoke.DirectMethodHandle$Holder.invokeStatic(java.lang.Object, java.lang.Object, java.lang.Object, java.lang.Object, java.lang.Object, java.lang.Object, java.lang.Object, java.lang.Object, java.lang.Object, java.lang.Object, java.lang.Object, java.lang.Object, java.lang.Object, java.lang.Object, java.lang.Object, java.lang.Object, java.lang.Object, java.lang.Object, java.lang.Object, java.lang.Object, java.lang.Obj

VM Operations (20 events):
Event: 4.659 Executing VM operation: G1PauseRemark done
Event: 4.663 Executing VM operation: G1PauseCleanup
Event: 4.663 Executing VM operation: G1PauseCleanup done
Event: 4.704 Executing VM operation: HandshakeAllThreads
Event: 4.704 Executing VM operation: HandshakeAllThreads done
Event: 4.887 Executing VM operation: HandshakeAllThreads
Event: 4.887 Executing VM operation: HandshakeAllThreads done
Event: 4.995 Executing VM operation: HandshakeAllThreads
Event: 4.996 Executing VM operation: HandshakeAllThreads done
Event: 4.996 Executing VM operation: HandshakeAllThreads
Event: 4.996 Executing VM operation: HandshakeAllThreads done
Event: 4.999 Executing VM operation: HandshakeAllThreads
Event: 4.999 Executing VM operation: HandshakeAllThreads done
Event: 5.060 Executing VM operation: HandshakeAllThreads
Event: 5.060 Executing VM operation: HandshakeAllThreads done
Event: 5.087 Executing VM operation: ICBufferFull
Event: 5.087 Executing VM operation: ICBufferFull done
Event: 5.098 Executing VM operation: G1CollectForAllocation
Event: 5.104 Executing VM operation: G1CollectForAllocation done
Event: 5.293 Executing VM operation: G1CollectForAllocation

Events (20 events):
Event: 5.200 loading class java/lang/invoke/BoundMethodHandle$Species_LLLLLLLLLLLLLLL
Event: 5.200 loading class java/lang/invoke/BoundMethodHandle$Species_LLLLLLLLLLLLLLL done
Event: 5.202 loading class java/lang/invoke/BoundMethodHandle$Species_LLLLLLLLLLLLLLLL
Event: 5.202 loading class java/lang/invoke/BoundMethodHandle$Species_LLLLLLLLLLLLLLLL done
Event: 5.204 loading class java/lang/invoke/BoundMethodHandle$Species_LLLLLLLLLLLLLLLLL
Event: 5.204 loading class java/lang/invoke/BoundMethodHandle$Species_LLLLLLLLLLLLLLLLL done
Event: 5.206 loading class java/lang/invoke/BoundMethodHandle$Species_LLLLLLLLLLLLLLLLLL
Event: 5.206 loading class java/lang/invoke/BoundMethodHandle$Species_LLLLLLLLLLLLLLLLLL done
Event: 5.209 loading class java/lang/invoke/BoundMethodHandle$Species_LLLLLLLLLLLLLLLLLLL
Event: 5.209 loading class java/lang/invoke/BoundMethodHandle$Species_LLLLLLLLLLLLLLLLLLL done
Event: 5.210 loading class java/lang/invoke/BoundMethodHandle$Species_LLLLLLLLLLLLLLLLLLLL
Event: 5.210 loading class java/lang/invoke/BoundMethodHandle$Species_LLLLLLLLLLLLLLLLLLLL done
Event: 5.212 loading class java/lang/invoke/BoundMethodHandle$Species_LLLLLLLLLLLLLLLLLLLLL
Event: 5.212 loading class java/lang/invoke/BoundMethodHandle$Species_LLLLLLLLLLLLLLLLLLLLL done
Event: 5.213 loading class java/lang/invoke/BoundMethodHandle$Species_LLLLLLLLLLLLLLLLLLLLLL
Event: 5.213 loading class java/lang/invoke/BoundMethodHandle$Species_LLLLLLLLLLLLLLLLLLLLLL done
Event: 5.215 loading class java/lang/invoke/BoundMethodHandle$Species_LLLLLLLLLLLLLLLLLLLLLLL
Event: 5.215 loading class java/lang/invoke/BoundMethodHandle$Species_LLLLLLLLLLLLLLLLLLLLLLL done
Event: 5.224 loading class java/util/regex/Pattern$Pos
Event: 5.224 loading class java/util/regex/Pattern$Pos done


Dynamic libraries:
0x00007ff675cf0000 - 0x00007ff675cfa000 	C:\Program Files\Android\Android Studio\jbr\bin\java.exe
0x00007ff978fd0000 - 0x00007ff9791e7000 	C:\WINDOWS\SYSTEM32\ntdll.dll
0x00007ff9786c0000 - 0x00007ff978784000 	C:\WINDOWS\System32\KERNEL32.DLL
0x00007ff976680000 - 0x00007ff976a2d000 	C:\WINDOWS\System32\KERNELBASE.dll
0x00007ff976390000 - 0x00007ff9764a1000 	C:\WINDOWS\System32\ucrtbase.dll
0x00007ff946a30000 - 0x00007ff946a4b000 	C:\Program Files\Android\Android Studio\jbr\bin\VCRUNTIME140.dll
0x00007ff952010000 - 0x00007ff952027000 	C:\Program Files\Android\Android Studio\jbr\bin\jli.dll
0x00007ff9789a0000 - 0x00007ff978b4e000 	C:\WINDOWS\System32\USER32.dll
0x00007ff976aa0000 - 0x00007ff976ac6000 	C:\WINDOWS\System32\win32u.dll
0x00007ff959c40000 - 0x00007ff959ed3000 	C:\WINDOWS\WinSxS\amd64_microsoft.windows.common-controls_6595b64144ccf1df_6.0.22621.3672_none_2713b9d173822955\COMCTL32.dll
0x00007ff978c10000 - 0x00007ff978c39000 	C:\WINDOWS\System32\GDI32.dll
0x00007ff978610000 - 0x00007ff9786b7000 	C:\WINDOWS\System32\msvcrt.dll
0x00007ff976560000 - 0x00007ff976679000 	C:\WINDOWS\System32\gdi32full.dll
0x00007ff9762f0000 - 0x00007ff97638a000 	C:\WINDOWS\System32\msvcp_win.dll
0x00007ff978ef0000 - 0x00007ff978f21000 	C:\WINDOWS\System32\IMM32.DLL
0x00007ff949d30000 - 0x00007ff949d3c000 	C:\Program Files\Android\Android Studio\jbr\bin\vcruntime140_1.dll
0x00007ff90f900000 - 0x00007ff90f98d000 	C:\Program Files\Android\Android Studio\jbr\bin\msvcp140.dll
0x00007ff8f8480000 - 0x00007ff8f9103000 	C:\Program Files\Android\Android Studio\jbr\bin\server\jvm.dll
0x00007ff977b90000 - 0x00007ff977c42000 	C:\WINDOWS\System32\ADVAPI32.dll
0x00007ff978560000 - 0x00007ff978609000 	C:\WINDOWS\System32\sechost.dll
0x00007ff9764b0000 - 0x00007ff9764d8000 	C:\WINDOWS\System32\bcrypt.dll
0x00007ff9782e0000 - 0x00007ff9783f4000 	C:\WINDOWS\System32\RPCRT4.dll
0x00007ff971960000 - 0x00007ff971969000 	C:\WINDOWS\SYSTEM32\WSOCK32.dll
0x00007ff970910000 - 0x00007ff970944000 	C:\WINDOWS\SYSTEM32\WINMM.dll
0x00007ff975a60000 - 0x00007ff975aad000 	C:\WINDOWS\SYSTEM32\POWRPROF.dll
0x00007ff978400000 - 0x00007ff978471000 	C:\WINDOWS\System32\WS2_32.dll
0x00007ff96d140000 - 0x00007ff96d14a000 	C:\WINDOWS\SYSTEM32\VERSION.dll
0x00007ff975a40000 - 0x00007ff975a53000 	C:\WINDOWS\SYSTEM32\UMPDC.dll
0x00007ff9752e0000 - 0x00007ff9752f8000 	C:\WINDOWS\SYSTEM32\kernel.appcore.dll
0x00007ff95dcc0000 - 0x00007ff95dcca000 	C:\Program Files\Android\Android Studio\jbr\bin\jimage.dll
0x00007ff973b10000 - 0x00007ff973d42000 	C:\WINDOWS\SYSTEM32\DBGHELP.DLL
0x00007ff977590000 - 0x00007ff97791d000 	C:\WINDOWS\System32\combase.dll
0x00007ff978480000 - 0x00007ff978557000 	C:\WINDOWS\System32\OLEAUT32.dll
0x00007ff96bd90000 - 0x00007ff96bdc2000 	C:\WINDOWS\SYSTEM32\dbgcore.DLL
0x00007ff9764e0000 - 0x00007ff97655b000 	C:\WINDOWS\System32\bcryptPrimitives.dll
0x00007ff9529f0000 - 0x00007ff9529fe000 	C:\Program Files\Android\Android Studio\jbr\bin\instrument.dll
0x00007ff952f60000 - 0x00007ff952f85000 	C:\Program Files\Android\Android Studio\jbr\bin\java.dll
0x00007ff958890000 - 0x00007ff9588a8000 	C:\Program Files\Android\Android Studio\jbr\bin\zip.dll
0x00007ff976d20000 - 0x00007ff977588000 	C:\WINDOWS\System32\SHELL32.dll
0x00007ff9741f0000 - 0x00007ff974aee000 	C:\WINDOWS\SYSTEM32\windows.storage.dll
0x00007ff9740b0000 - 0x00007ff9741ef000 	C:\WINDOWS\SYSTEM32\wintypes.dll
0x00007ff9781e0000 - 0x00007ff9782d9000 	C:\WINDOWS\System32\SHCORE.dll
0x00007ff978bb0000 - 0x00007ff978c0e000 	C:\WINDOWS\System32\shlwapi.dll
0x00007ff976220000 - 0x00007ff976241000 	C:\WINDOWS\SYSTEM32\profapi.dll
0x00007ff952e40000 - 0x00007ff952e59000 	C:\Program Files\Android\Android Studio\jbr\bin\net.dll
0x00007ff9710f0000 - 0x00007ff971226000 	C:\WINDOWS\SYSTEM32\WINHTTP.dll
0x00007ff975740000 - 0x00007ff9757a9000 	C:\WINDOWS\system32\mswsock.dll
0x00007ff952d40000 - 0x00007ff952d56000 	C:\Program Files\Android\Android Studio\jbr\bin\nio.dll
0x00007ff952be0000 - 0x00007ff952bf0000 	C:\Program Files\Android\Android Studio\jbr\bin\verify.dll
0x00007ff948410000 - 0x00007ff948437000 	C:\Users\legio\.gradle\native\c067742578af261105cb4f569cf0c3c89f3d7b1fecec35dd04571415982c5e48\windows-amd64\native-platform.dll
0x00007ff8e3a80000 - 0x00007ff8e3bc4000 	C:\Users\legio\.gradle\native\38dada09dfb8b06ba9b0570ebf7e218e3eb74d4ef43ca46872605cf95ebc2f47\windows-amd64\native-platform-file-events.dll
0x00007ff957cc0000 - 0x00007ff957cc9000 	C:\Program Files\Android\Android Studio\jbr\bin\management.dll
0x00007ff952bf0000 - 0x00007ff952bfb000 	C:\Program Files\Android\Android Studio\jbr\bin\management_ext.dll
0x00007ff978d60000 - 0x00007ff978d68000 	C:\WINDOWS\System32\PSAPI.DLL
0x00007ff975b80000 - 0x00007ff975b9b000 	C:\WINDOWS\SYSTEM32\CRYPTSP.dll
0x00007ff975240000 - 0x00007ff975275000 	C:\WINDOWS\system32\rsaenh.dll
0x00007ff9757e0000 - 0x00007ff975808000 	C:\WINDOWS\SYSTEM32\USERENV.dll
0x00007ff975b60000 - 0x00007ff975b6c000 	C:\WINDOWS\SYSTEM32\CRYPTBASE.dll
0x00007ff974d50000 - 0x00007ff974d7d000 	C:\WINDOWS\SYSTEM32\IPHLPAPI.DLL
0x00007ff978d50000 - 0x00007ff978d59000 	C:\WINDOWS\System32\NSI.dll
0x00007ff970e40000 - 0x00007ff970e59000 	C:\WINDOWS\SYSTEM32\dhcpcsvc6.DLL
0x00007ff970e00000 - 0x00007ff970e1f000 	C:\WINDOWS\SYSTEM32\dhcpcsvc.DLL
0x00007ff974dc0000 - 0x00007ff974eb8000 	C:\WINDOWS\SYSTEM32\DNSAPI.dll
0x00007ff95db20000 - 0x00007ff95db29000 	C:\Program Files\Android\Android Studio\jbr\bin\extnet.dll
0x00007ff96b420000 - 0x00007ff96b428000 	C:\WINDOWS\system32\wshunix.dll

dbghelp: loaded successfully - version: 4.0.5 - missing functions: none
symbol engine: initialized successfully - sym options: 0x614 - pdb path: .;C:\Program Files\Android\Android Studio\jbr\bin;C:\WINDOWS\SYSTEM32;C:\WINDOWS\WinSxS\amd64_microsoft.windows.common-controls_6595b64144ccf1df_6.0.22621.3672_none_2713b9d173822955;C:\Program Files\Android\Android Studio\jbr\bin\server;C:\Users\legio\.gradle\native\c067742578af261105cb4f569cf0c3c89f3d7b1fecec35dd04571415982c5e48\windows-amd64;C:\Users\legio\.gradle\native\38dada09dfb8b06ba9b0570ebf7e218e3eb74d4ef43ca46872605cf95ebc2f47\windows-amd64

VM Arguments:
jvm_args: --add-opens=java.base/java.util=ALL-UNNAMED --add-opens=java.base/java.lang=ALL-UNNAMED --add-opens=java.base/java.lang.invoke=ALL-UNNAMED --add-opens=java.prefs/java.util.prefs=ALL-UNNAMED --add-opens=java.base/java.nio.charset=ALL-UNNAMED --add-opens=java.base/java.net=ALL-UNNAMED --add-opens=java.base/java.util.concurrent.atomic=ALL-UNNAMED -Xmx2048m -Dfile.encoding=UTF-8 -Duser.country=BR -Duser.language=pt -Duser.variant -javaagent:C:\Users\legio\.gradle\wrapper\dists\gradle-8.7-bin\bhs2wmbdwecv87pi65oeuq5iu\gradle-8.7\lib\agents\gradle-instrumentation-agent-8.7.jar 
java_command: org.gradle.launcher.daemon.bootstrap.GradleDaemon 8.7
java_class_path (initial): C:\Users\legio\.gradle\wrapper\dists\gradle-8.7-bin\bhs2wmbdwecv87pi65oeuq5iu\gradle-8.7\lib\gradle-launcher-8.7.jar
Launcher Type: SUN_STANDARD

[Global flags]
     intx CICompilerCount                          = 4                                         {product} {ergonomic}
     uint ConcGCThreads                            = 3                                         {product} {ergonomic}
     uint G1ConcRefinementThreads                  = 10                                        {product} {ergonomic}
   size_t G1HeapRegionSize                         = 1048576                                   {product} {ergonomic}
    uintx GCDrainStackTargetSize                   = 64                                        {product} {ergonomic}
   size_t InitialHeapSize                          = 402653184                                 {product} {ergonomic}
   size_t MarkStackSize                            = 4194304                                   {product} {ergonomic}
   size_t MaxHeapSize                              = 2147483648                                {product} {command line}
   size_t MaxNewSize                               = 1287651328                                {product} {ergonomic}
   size_t MinHeapDeltaBytes                        = 1048576                                   {product} {ergonomic}
   size_t MinHeapSize                              = 8388608                                   {product} {ergonomic}
    uintx NonNMethodCodeHeapSize                   = 5839372                                {pd product} {ergonomic}
    uintx NonProfiledCodeHeapSize                  = 122909434                              {pd product} {ergonomic}
    uintx ProfiledCodeHeapSize                     = 122909434                              {pd product} {ergonomic}
    uintx ReservedCodeCacheSize                    = 251658240                              {pd product} {ergonomic}
     bool SegmentedCodeCache                       = true                                      {product} {ergonomic}
   size_t SoftMaxHeapSize                          = 2147483648                             {manageable} {ergonomic}
     bool UseCompressedClassPointers               = true                           {product lp64_product} {ergonomic}
     bool UseCompressedOops                        = true                           {product lp64_product} {ergonomic}
     bool UseG1GC                                  = true                                      {product} {ergonomic}
     bool UseLargePagesIndividualAllocation        = false                                  {pd product} {ergonomic}

Logging:
Log output configuration:
 #0: stdout all=warning uptime,level,tags
 #1: stderr all=off uptime,level,tags

Environment Variables:
JAVA_HOME=C:\Program Files\Java\jdk-17
PATH=C:\Program Files\Java\jdk-17\bin;C:\Program Files\Common Files\Oracle\Java\javapath;C:\Program Files (x86)\Common Files\Oracle\Java\java8path;C:\Program Files (x86)\Common Files\Oracle\Java\javapath;C:\WINDOWS\system32;C:\WINDOWS;C:\WINDOWS\System32\Wbem;C:\WINDOWS\System32\WindowsPowerShell\v1.0\;C:\WINDOWS\System32\OpenSSH\;C:\Program Files (x86)\NVIDIA Corporation\PhysX\Common;C:\Program Files\NVIDIA Corporation\NVIDIA NvDLISR;C:\Program Files\Git\cmd;C:\Users\legio\AppData\Local\Microsoft\WindowsApps;
USERNAME=Otvio
OS=Windows_NT
PROCESSOR_IDENTIFIER=Intel64 Family 6 Model 165 Stepping 2, GenuineIntel
TMP=C:\Users\legio\AppData\Local\Temp
TEMP=C:\Users\legio\AppData\Local\Temp



Periodic native trim disabled

JNI global refs:
JNI global refs: 24, weak refs: 0

JNI global refs memory usage: 843, weak refs: 841

Process memory usage:
Resident Set Size: 219288K (0% of 25071408K total physical memory with 9635880K free physical memory)

OOME stack traces (most recent first):
Classloader memory used:
Loader org.gradle.internal.classloader.VisitableURLClassLoader                         : 2402K
Loader bootstrap                                                                       : 2304K
Loader org.gradle.initialization.MixInLegacyTypesClassLoader                           : 494K
Loader jdk.internal.loader.ClassLoaders$PlatformClassLoader                            : 67384B
Loader jdk.internal.loader.ClassLoaders$AppClassLoader                                 : 28714B
Loader jdk.internal.reflect.DelegatingClassLoader                                      : 4428B

Classes loaded by more than one classloader:
Class org.gradle.internal.installation.GradleInstallation                             : loaded 2 times (x 73B)
Class org.gradle.internal.classpath.ClassPath                                         : loaded 2 times (x 68B)
Class org.gradle.api.internal.classpath.DefaultModuleRegistry                         : loaded 2 times (x 84B)
Class org.gradle.api.Action                                                           : loaded 2 times (x 68B)
Class org.gradle.api.internal.DefaultClassPathProvider                                : loaded 2 times (x 74B)
Class org.gradle.internal.installation.GradleInstallation$1                           : loaded 2 times (x 73B)
Class org.gradle.internal.classloader.FilteringClassLoader                            : loaded 2 times (x 103B)
Class org.gradle.internal.classpath.DefaultClassPath$ImmutableUniqueList$Builder      : loaded 2 times (x 73B)
Class org.gradle.internal.classloader.ClassLoaderVisitor                              : loaded 2 times (x 74B)
Class org.gradle.internal.service.DefaultServiceLocator                               : loaded 2 times (x 81B)
Class org.gradle.internal.service.UnknownServiceException                             : loaded 2 times (x 81B)
Class org.gradle.internal.classloader.DefaultClassLoaderFactory                       : loaded 2 times (x 80B)
Class org.gradle.internal.classloader.VisitableURLClassLoader$Spec                    : loaded 2 times (x 72B)
Class org.gradle.api.GradleException                                                  : loaded 2 times (x 80B)
Class org.gradle.api.internal.classpath.ModuleRegistry                                : loaded 2 times (x 68B)
Class org.gradle.api.internal.ClassPathProvider                                       : loaded 2 times (x 68B)
Class org.gradle.internal.classloader.ClasspathUtil$1                                 : loaded 2 times (x 74B)
Class org.gradle.internal.classloader.ClassLoaderFactory                              : loaded 2 times (x 68B)
Class org.gradle.api.internal.classpath.ManifestUtil                                  : loaded 2 times (x 69B)
Class org.gradle.api.specs.Spec                                                       : loaded 2 times (x 68B)
Class org.gradle.internal.IoActions                                                   : loaded 2 times (x 69B)
Class org.gradle.api.internal.classpath.EffectiveClassPath                            : loaded 2 times (x 88B)
Class org.gradle.internal.installation.CurrentGradleInstallation                      : loaded 2 times (x 71B)
Class org.gradle.internal.agents.InstrumentingClassLoader                             : loaded 2 times (x 68B)
Class org.gradle.internal.installation.CurrentGradleInstallationLocator               : loaded 2 times (x 69B)
Class org.gradle.api.internal.classpath.Module                                        : loaded 2 times (x 68B)
Class org.gradle.internal.service.CachingServiceLocator                               : loaded 2 times (x 80B)
Class org.gradle.internal.classpath.DefaultClassPath                                  : loaded 2 times (x 88B)
Class org.gradle.internal.classloader.SystemClassLoaderSpec                           : loaded 2 times (x 69B)
Class org.gradle.api.UncheckedIOException                                             : loaded 2 times (x 80B)
Class org.gradle.internal.classloader.ClasspathUtil                                   : loaded 2 times (x 69B)
Class org.gradle.api.internal.DefaultClassPathRegistry                                : loaded 2 times (x 74B)
Class org.gradle.api.internal.classpath.DefaultModuleRegistry$DefaultModule           : loaded 2 times (x 84B)
Class org.gradle.api.internal.classpath.UnknownModuleException                        : loaded 2 times (x 80B)
Class org.gradle.internal.service.ServiceLookupException                              : loaded 2 times (x 80B)
Class org.gradle.cache.GlobalCache                                                    : loaded 2 times (x 68B)
Class [Lorg.gradle.api.internal.ClassPathProvider;                                    : loaded 2 times (x 67B)
Class org.gradle.util.internal.GUtil                                                  : loaded 2 times (x 69B)
Class org.gradle.internal.classloader.ClassLoaderSpec                                 : loaded 2 times (x 69B)
Class org.gradle.internal.classloader.VisitableURLClassLoader                         : loaded 2 times (x 115B)
Class org.gradle.internal.Cast                                                        : loaded 2 times (x 69B)
Class org.gradle.api.internal.ClassPathRegistry                                       : loaded 2 times (x 68B)
Class org.gradle.internal.classloader.VisitableURLClassLoader$InstrumentingVisitableURLClassLoader: loaded 2 times (x 121B)
Class org.gradle.internal.classloader.ClassLoaderHierarchy                            : loaded 2 times (x 68B)
Class org.gradle.internal.InternalTransformer                                         : loaded 2 times (x 68B)
Class org.gradle.internal.service.ServiceLocator                                      : loaded 2 times (x 68B)
Class org.gradle.internal.classpath.DefaultClassPath$ImmutableUniqueList              : loaded 2 times (x 159B)
Class org.gradle.internal.classpath.TransformedClassPath                              : loaded 2 times (x 94B)


---------------  S Y S T E M  ---------------

OS:
 Windows 11 , 64 bit Build 22621 (10.0.22621.3958)
OS uptime: 13 days 14:47 hours
Hyper-V role detected

CPU: total 12 (initial active 12) (6 cores per cpu, 2 threads per core) family 6 model 165 stepping 2 microcode 0xf0, cx8, cmov, fxsr, ht, mmx, 3dnowpref, sse, sse2, sse3, ssse3, sse4.1, sse4.2, popcnt, lzcnt, tsc, tscinvbit, avx, avx2, aes, erms, clmul, bmi1, bmi2, adx, fma, vzeroupper, clflush, clflushopt, hv
Processor Information for all 12 processors :
  Max Mhz: 2592, Current Mhz: 2592, Mhz Limit: 2592

Memory: 4k page, system-wide physical 24483M (9409M free)
TotalPageFile size 33080M (AvailPageFile size 55M)
current process WorkingSet (physical memory assigned to process): 214M, peak: 224M
current process commit charge ("private bytes"): 253M, peak: 536M

vm_info: OpenJDK 64-Bit Server VM (17.0.11+0--11852314) for windows-amd64 JRE (17.0.11+0--11852314), built on May 16 2024 21:29:20 by "androidbuild" with MS VC++ 16.10 / 16.11 (VS2019)

END.
